<?xml version="1.0"?><coverage lines-covered="227" lines-valid="273" line-rate="0.8315018315018315" branches-covered="0" branches-valid="0" branch-rate="0" complexity="0" version="1.9" timestamp="1752648398"><sources><source>/home/rsgbengi/Projects/valeris</source></sources><packages><package name="src/docker" line-rate="0.8666666666666667" branch-rate="0" complexity="0"><classes><class name="exporters" filename="src/docker/exporters.rs" line-rate="0.9534883720930233" branch-rate="0" complexity="0"><methods/><lines><line number="21" hits="3"/><line number="22" hits="3"/><line number="25" hits="3"/><line number="26" hits="6"/><line number="34" hits="2"/><line number="35" hits="2"/><line number="37" hits="2"/><line number="38" hits="3"/><line number="39" hits="3"/><line number="41" hits="4"/><line number="44" hits="6"/><line number="45" hits="3"/><line number="46" hits="3"/><line number="47" hits="3"/><line number="51" hits="3"/><line number="52" hits="3"/><line number="53" hits="3"/><line number="60" hits="2"/><line number="61" hits="2"/><line number="63" hits="2"/><line number="64" hits="9"/><line number="65" hits="3"/><line number="66" hits="3"/><line number="67" hits="3"/><line number="73" hits="2"/><line number="78" hits="2"/><line number="80" hits="1"/><line number="81" hits="2"/><line number="82" hits="1"/><line number="83" hits="1"/><line number="84" hits="2"/><line number="85" hits="1"/><line number="87" hits="0"/><line number="91" hits="1"/><line number="92" hits="2"/><line number="93" hits="2"/><line number="94" hits="0"/><line number="97" hits="1"/><line number="98" hits="4"/><line number="99" hits="2"/><line number="101" hits="1"/><line number="103" hits="1"/><line number="104" hits="2"/></lines></class><class name="printer" filename="src/docker/printer.rs" line-rate="0.75" branch-rate="0" complexity="0"><methods/><lines><line number="5" hits="1"/><line number="6" hits="1"/><line number="11" hits="2"/><line number="14" hits="2"/><line number="15" hits="1"/><line number="17" hits="1"/><line number="18" hits="1"/><line number="20" hits="1"/><line number="23" hits="1"/><line number="24" hits="1"/><line number="25" hits="2"/><line number="26" hits="0"/><line number="29" hits="0"/><line number="32" hits="2"/><line number="33" hits="1"/><line number="34" hits="4"/><line number="35" hits="0"/><line number="36" hits="0"/><line number="37" hits="0"/><line number="40" hits="2"/><line number="41" hits="1"/><line number="42" hits="1"/><line number="44" hits="1"/><line number="45" hits="0"/><line number="47" hits="3"/><line number="48" hits="1"/><line number="49" hits="2"/><line number="50" hits="2"/><line number="51" hits="0"/><line number="52" hits="0"/><line number="54" hits="2"/><line number="63" hits="1"/></lines></class></classes></package><package name="src/detectors" line-rate="0.9365079365079365" branch-rate="0" complexity="0"><classes><class name="docker" filename="src/detectors/docker.rs" line-rate="0.9365079365079365" branch-rate="0" complexity="0"><methods/><lines><line number="18" hits="1"/><line number="24" hits="3"/><line number="25" hits="1"/><line number="27" hits="1"/><line number="28" hits="3"/><line number="30" hits="1"/><line number="31" hits="1"/><line number="32" hits="1"/><line number="34" hits="2"/><line number="35" hits="2"/><line number="37" hits="2"/><line number="39" hits="2"/><line number="40" hits="1"/><line number="42" hits="1"/><line number="43" hits="1"/><line number="44" hits="1"/><line number="46" hits="1"/><line number="53" hits="1"/><line number="54" hits="1"/><line number="57" hits="2"/><line number="61" hits="1"/><line number="67" hits="1"/><line number="69" hits="1"/><line number="71" hits="2"/><line number="72" hits="1"/><line number="73" hits="3"/><line number="74" hits="0"/><line number="76" hits="2"/><line number="77" hits="2"/><line number="78" hits="0"/><line number="81" hits="1"/><line number="85" hits="2"/><line number="86" hits="3"/><line number="87" hits="1"/><line number="88" hits="2"/><line number="93" hits="2"/><line number="94" hits="3"/><line number="95" hits="1"/><line number="96" hits="2"/><line number="101" hits="2"/><line number="102" hits="2"/><line number="103" hits="1"/><line number="104" hits="2"/><line number="105" hits="2"/><line number="106" hits="1"/><line number="109" hits="1"/><line number="113" hits="4"/><line number="114" hits="2"/><line number="116" hits="5"/><line number="117" hits="1"/><line number="119" hits="1"/><line number="121" hits="4"/><line number="123" hits="1"/><line number="125" hits="4"/><line number="126" hits="1"/><line number="127" hits="0"/><line number="128" hits="0"/><line number="133" hits="2"/><line number="134" hits="5"/><line number="135" hits="1"/><line number="136" hits="5"/><line number="137" hits="1"/><line number="141" hits="1"/></lines></class></classes></package><package name="src" line-rate="0.8315018315018315" branch-rate="0" complexity="0"><classes><class name="lib" filename="src/lib.rs" line-rate="0.7575757575757576" branch-rate="0" complexity="0"><methods/><lines><line number="25" hits="1"/><line number="26" hits="1"/><line number="27" hits="2"/><line number="28" hits="2"/><line number="29" hits="2"/><line number="30" hits="1"/><line number="32" hits="1"/><line number="36" hits="2"/><line number="41" hits="1"/><line number="43" hits="1"/><line number="44" hits="1"/><line number="45" hits="0"/><line number="46" hits="0"/><line number="47" hits="0"/><line number="48" hits="0"/><line number="49" hits="0"/><line number="50" hits="0"/><line number="51" hits="0"/><line number="52" hits="6"/><line number="53" hits="4"/><line number="55" hits="1"/><line number="56" hits="1"/><line number="57" hits="1"/><line number="58" hits="1"/><line number="60" hits="4"/><line number="62" hits="2"/><line number="63" hits="0"/><line number="65" hits="4"/><line number="66" hits="3"/><line number="71" hits="3"/><line number="72" hits="2"/><line number="73" hits="3"/><line number="76" hits="1"/></lines></class><class name="main" filename="src/main.rs" line-rate="0" branch-rate="0" complexity="0"><methods/><lines><line number="2" hits="0"/><line number="3" hits="0"/><line number="4" hits="0"/><line number="5" hits="0"/><line number="8" hits="0"/></lines></class><class name="rules" filename="src/rules.rs" line-rate="0.42857142857142855" branch-rate="0" complexity="0"><methods/><lines><line number="13" hits="3"/><line number="14" hits="3"/><line number="15" hits="2"/><line number="17" hits="4"/><line number="18" hits="4"/><line number="20" hits="0"/><line number="23" hits="2"/><line number="24" hits="2"/><line number="25" hits="6"/><line number="27" hits="9"/><line number="28" hits="0"/><line number="31" hits="0"/><line number="33" hits="3"/><line number="34" hits="6"/><line number="35" hits="3"/><line number="38" hits="0"/><line number="39" hits="0"/><line number="41" hits="0"/><line number="42" hits="0"/><line number="43" hits="0"/><line number="45" hits="0"/><line number="48" hits="0"/><line number="49" hits="0"/><line number="50" hits="0"/><line number="53" hits="0"/><line number="54" hits="0"/><line number="55" hits="0"/><line number="56" hits="0"/></lines></class><class name="yaml_rules" filename="src/yaml_rules.rs" line-rate="0.9565217391304348" branch-rate="0" complexity="0"><methods/><lines><line number="55" hits="3"/><line number="59" hits="4"/><line number="60" hits="4"/><line number="62" hits="4"/><line number="63" hits="8"/><line number="64" hits="9"/><line number="65" hits="6"/><line number="66" hits="9"/><line number="67" hits="3"/><line number="68" hits="0"/><line number="69" hits="6"/><line number="70" hits="0"/><line number="71" hits="3"/><line number="75" hits="8"/><line number="76" hits="4"/><line number="82" hits="2"/><line number="83" hits="2"/><line number="85" hits="4"/><line number="90" hits="2"/><line number="91" hits="2"/><line number="94" hits="2"/><line number="95" hits="2"/><line number="96" hits="4"/><line number="97" hits="2"/><line number="99" hits="0"/><line number="103" hits="4"/><line number="104" hits="2"/><line number="108" hits="2"/><line number="109" hits="4"/><line number="111" hits="4"/><line number="115" hits="4"/><line number="116" hits="2"/><line number="118" hits="4"/><line number="123" hits="2"/><line number="130" hits="2"/><line number="132" hits="4"/><line number="133" hits="2"/><line number="134" hits="4"/><line number="136" hits="2"/><line number="139" hits="4"/><line number="142" hits="7"/><line number="143" hits="2"/><line number="146" hits="2"/><line number="148" hits="2"/><line number="150" hits="2"/><line number="151" hits="2"/><line number="152" hits="2"/><line number="157" hits="2"/><line number="163" hits="2"/><line number="167" hits="2"/><line number="168" hits="2"/><line number="169" hits="2"/><line number="176" hits="4"/><line number="177" hits="4"/><line number="178" hits="3"/><line number="179" hits="6"/><line number="180" hits="9"/><line number="182" hits="1"/><line number="186" hits="3"/><line number="187" hits="6"/><line number="188" hits="3"/><line number="189" hits="4"/><line number="190" hits="6"/><line number="191" hits="3"/><line number="195" hits="3"/><line number="196" hits="3"/><line number="197" hits="6"/><line number="198" hits="6"/><line number="201" hits="3"/></lines></class></classes></package><package name="tests" line-rate="0" branch-rate="0" complexity="0"><classes></classes></package></packages></coverage>